<?xml version="1.0" encoding="UTF-8"?>
<!-- Generated by org.testng.reporters.JUnitReportReporter -->
<testsuite hostname="TSHYDLOFC100154" failures="0" tests="1" name="chat.automation.Template.runner.TemplateTestRunner" time="0.393" errors="0" timestamp="2024-07-20T18:33:06 IST" skipped="0">
  <testcase classname="chat.automation.Template.runner.TemplateTestRunner" name="runScenario" time="0.393"/>
  <system-out/>
</testsuite> <!-- chat.automation.Template.runner.TemplateTestRunner -->
